[debug] [2021-03-31T15:17:48.888Z] ----------------------------------------------------------------------
[debug] [2021-03-31T15:17:48.890Z] Command:       /Users/Lip/.nvm/versions/node/v15.8.0/bin/node /Users/Lip/.nvm/versions/node/v15.8.0/bin/firebase init hosting:github
[debug] [2021-03-31T15:17:48.891Z] CLI Version:   9.8.0
[debug] [2021-03-31T15:17:48.891Z] Platform:      darwin
[debug] [2021-03-31T15:17:48.891Z] Node Version:  v15.8.0
[debug] [2021-03-31T15:17:48.912Z] Time:          Wed Mar 31 2021 08:17:48 GMT-0700 (Mountain Standard Time)
[debug] [2021-03-31T15:17:48.913Z] ----------------------------------------------------------------------
[debug] 
[debug] [2021-03-31T15:17:48.920Z] > command requires scopes: ["email","openid","https://www.googleapis.com/auth/cloudplatformprojects.readonly","https://www.googleapis.com/auth/firebase","https://www.googleapis.com/auth/cloud-platform"]
[debug] [2021-03-31T15:17:48.920Z] > authorizing via signed-in user
[info] 
     ######## #### ########  ######## ########     ###     ######  ########
     ##        ##  ##     ## ##       ##     ##  ##   ##  ##       ##
     ######    ##  ########  ######   ########  #########  ######  ######
     ##        ##  ##    ##  ##       ##     ## ##     ##       ## ##
     ##       #### ##     ## ######## ########  ##     ##  ######  ########

You're about to initialize a Firebase project in this directory:

  /Users/Lip/lipcoDev/project3/assignforce

Before we get started, keep in mind:

  * You are initializing in an existing Firebase project directory

[info] 
=== Project Setup
[info] 
[info] First, let's associate this project directory with a Firebase project.
[info] You can create multiple project aliases by running firebase use --add, 
[info] but for now we'll just set up a default project.
[info] 
[info] i  .firebaserc already has a default project, using ngassignforce. 
[debug] [2021-03-31T15:17:48.929Z] > refreshing access token with scopes: []
[debug] [2021-03-31T15:17:48.930Z] >>> HTTP REQUEST POST https://www.googleapis.com/oauth2/v3/token  
 <request body omitted>
[debug] [2021-03-31T15:17:49.121Z] <<< HTTP RESPONSE 200 {"pragma":"no-cache","cache-control":"no-cache, no-store, max-age=0, must-revalidate","date":"Wed, 31 Mar 2021 15:17:49 GMT","expires":"Mon, 01 Jan 1990 00:00:00 GMT","content-type":"application/json; charset=utf-8","vary":"X-Origin, Referer, Origin,Accept-Encoding","server":"scaffolding on HTTPServer2","x-xss-protection":"0","x-frame-options":"SAMEORIGIN","x-content-type-options":"nosniff","alt-svc":"h3-29=\":443\"; ma=2592000,h3-T051=\":443\"; ma=2592000,h3-Q050=\":443\"; ma=2592000,h3-Q046=\":443\"; ma=2592000,h3-Q043=\":443\"; ma=2592000,quic=\":443\"; ma=2592000; v=\"46,43\"","accept-ranges":"none","transfer-encoding":"chunked"}
[debug] [2021-03-31T15:17:49.138Z] >>> [apiv2][query] GET https://firebase.googleapis.com/v1beta1/projects/ngassignforce [none]
[debug] [2021-03-31T15:17:49.303Z] <<< [apiv2][status] GET https://firebase.googleapis.com/v1beta1/projects/ngassignforce 200
[debug] [2021-03-31T15:17:49.303Z] <<< [apiv2][body] GET https://firebase.googleapis.com/v1beta1/projects/ngassignforce {"projectId":"ngassignforce","projectNumber":"1051498975936","displayName":"ngAssignForce","name":"projects/ngassignforce","resources":{"hostingSite":"ngassignforce"},"state":"ACTIVE"}
[info] 
=== Hosting:github Setup
[info] 
[info] i  Detected a .git folder at /Users/Lip/lipcoDev/project3/assignforce 
[info] i  Authorizing with GitHub to upload your service account to a GitHub repository's secrets store. 
[info] 
[info] Visit this URL on this device to log in:
[info] https://github.com/login/oauth/authorize?client_id=89cf50f02ac6aaed3484&state=149271386&redirect_uri=http%3A%2F%2Flocalhost%3A9005&scope=read%3Auser%20repo%20public_repo
[info] 
[info] Waiting for authentication...
[debug] [2021-03-31T15:17:50.104Z] >>> HTTP REQUEST POST https://github.com/login/oauth/access_token  
 {"client_id":"89cf50f02ac6aaed3484","client_secret":"3330d14abc895d9a74d5f17cd7a00711fa2c5bf0","code":"e3a433cf251ce42cca80","redirect_uri":"http://localhost:9005","state":"149271386"}
[debug] [2021-03-31T15:17:50.888Z] <<< HTTP RESPONSE 200 {"server":"GitHub.com","date":"Wed, 31 Mar 2021 15:17:50 GMT","content-type":"application/json; charset=utf-8","transfer-encoding":"chunked","vary":"X-PJAX, Accept-Encoding, Accept, X-Requested-With","etag":"W/\"11444b667b50384839082332ce45946f\"","cache-control":"max-age=0, private, must-revalidate","strict-transport-security":"max-age=31536000; includeSubdomains; preload","x-frame-options":"deny","x-content-type-options":"nosniff","x-xss-protection":"0","referrer-policy":"origin-when-cross-origin, strict-origin-when-cross-origin","expect-ct":"max-age=2592000, report-uri=\"https://api.github.com/_private/browser/errors\"","content-security-policy":"default-src 'none'; base-uri 'self'; block-all-mixed-content; connect-src 'self' uploads.github.com www.githubstatus.com collector.githubapp.com api.github.com github-cloud.s3.amazonaws.com github-production-repository-file-5c1aeb.s3.amazonaws.com github-production-upload-manifest-file-7fdce7.s3.amazonaws.com github-production-user-asset-6210df.s3.amazonaws.com cdn.optimizely.com logx.optimizely.com/v1/events wss://alive.github.com; font-src github.githubassets.com; form-action 'self' github.com gist.github.com; frame-ancestors 'none'; frame-src render.githubusercontent.com; img-src 'self' data: github.githubassets.com identicons.github.com collector.githubapp.com github-cloud.s3.amazonaws.com secured-user-images.githubusercontent.com/ *.githubusercontent.com; manifest-src 'self'; media-src 'none'; script-src github.githubassets.com; style-src 'unsafe-inline' github.githubassets.com; worker-src github.com/socket-worker-3f088aa2.js gist.github.com/socket-worker-3f088aa2.js","x-github-request-id":"D850:261C:DA4E7D:1293494:6064929E"}
[debug] [2021-03-31T15:17:50.894Z] >>> [apiv2][query] GET https://api.github.com/user [none]
[debug] [2021-03-31T15:17:51.174Z] <<< [apiv2][status] GET https://api.github.com/user 200
[debug] [2021-03-31T15:17:51.174Z] <<< [apiv2][body] GET https://api.github.com/user {"login":"lipcowan","id":35284964,"node_id":"MDQ6VXNlcjM1Mjg0OTY0","avatar_url":"https://avatars.githubusercontent.com/u/35284964?v=4","gravatar_id":"","url":"https://api.github.com/users/lipcowan","html_url":"https://github.com/lipcowan","followers_url":"https://api.github.com/users/lipcowan/followers","following_url":"https://api.github.com/users/lipcowan/following{/other_user}","gists_url":"https://api.github.com/users/lipcowan/gists{/gist_id}","starred_url":"https://api.github.com/users/lipcowan/starred{/owner}{/repo}","subscriptions_url":"https://api.github.com/users/lipcowan/subscriptions","organizations_url":"https://api.github.com/users/lipcowan/orgs","repos_url":"https://api.github.com/users/lipcowan/repos","events_url":"https://api.github.com/users/lipcowan/events{/privacy}","received_events_url":"https://api.github.com/users/lipcowan/received_events","type":"User","site_admin":false,"name":"Phillip 'Lip' Cowan","company":"Thinkful","blog":"lipco.dev","location":"Phoenix, Arizona","email":"phillip@lipco.dev","hireable":true,"bio":"Full Stack Developer","twitter_username":"LipCo_Dev","public_repos":49,"public_gists":3,"followers":3,"following":16,"created_at":"2018-01-10T04:40:38Z","updated_at":"2021-03-31T14:57:42Z","private_gists":0,"total_private_repos":0,"owned_private_repos":0,"disk_usage":31183,"collaborators":0,"two_factor_authentication":true,"plan":{"name":"free","space":976562499,"collaborators":0,"private_repos":10000}}
[info] 
[info] ✔  Success! Logged into GitHub as lipcowan 
[info] 
[debug] [2021-03-31T15:18:04.265Z] >>> [apiv2][query] GET https://api.github.com/repos/Batch-944-Adam-Ranieri/af-client/actions/secrets/public-key type=owner
[debug] [2021-03-31T15:18:04.499Z] <<< [apiv2][status] GET https://api.github.com/repos/Batch-944-Adam-Ranieri/af-client/actions/secrets/public-key 403
[debug] [2021-03-31T15:18:04.499Z] <<< [apiv2][body] GET https://api.github.com/repos/Batch-944-Adam-Ranieri/af-client/actions/secrets/public-key {"message":"Must have admin rights to Repository.","documentation_url":"https://docs.github.com/rest/reference/actions#get-a-repository-public-key"}
[debug] [2021-03-31T15:19:26.476Z] >>> [apiv2][query] GET https://api.github.com/repos/Batch-944-Adam-Ranieri/af-client/actions/secrets/public-key type=owner
[debug] [2021-03-31T15:19:26.708Z] <<< [apiv2][status] GET https://api.github.com/repos/Batch-944-Adam-Ranieri/af-client/actions/secrets/public-key 403
[debug] [2021-03-31T15:19:26.708Z] <<< [apiv2][body] GET https://api.github.com/repos/Batch-944-Adam-Ranieri/af-client/actions/secrets/public-key {"message":"Must have admin rights to Repository.","documentation_url":"https://docs.github.com/rest/reference/actions#get-a-repository-public-key"}
[debug] [2021-03-31T15:22:21.417Z] >>> [apiv2][query] GET https://api.github.com/repos/Batch-944-Adam-Ranieri/af-client/actions/secrets/public-key type=owner
[debug] [2021-03-31T15:22:21.638Z] <<< [apiv2][status] GET https://api.github.com/repos/Batch-944-Adam-Ranieri/af-client/actions/secrets/public-key 403
[debug] [2021-03-31T15:22:21.638Z] <<< [apiv2][body] GET https://api.github.com/repos/Batch-944-Adam-Ranieri/af-client/actions/secrets/public-key {"message":"Must have admin rights to Repository.","documentation_url":"https://docs.github.com/rest/reference/actions#get-a-repository-public-key"}
[debug] [2021-03-31T15:22:24.088Z] >>> [apiv2][query] GET https://api.github.com/repos/Batch-944-Adam-Ranieri/af-client/actions/secrets/public-key type=owner
[debug] [2021-03-31T15:22:24.326Z] <<< [apiv2][status] GET https://api.github.com/repos/Batch-944-Adam-Ranieri/af-client/actions/secrets/public-key 403
[debug] [2021-03-31T15:22:24.326Z] <<< [apiv2][body] GET https://api.github.com/repos/Batch-944-Adam-Ranieri/af-client/actions/secrets/public-key {"message":"Must have admin rights to Repository.","documentation_url":"https://docs.github.com/rest/reference/actions#get-a-repository-public-key"}
[debug] [2021-03-31T15:22:36.241Z] ----------------------------------------------------------------------
[debug] [2021-03-31T15:22:36.244Z] Command:       /Users/Lip/.nvm/versions/node/v15.8.0/bin/node /Users/Lip/.nvm/versions/node/v15.8.0/bin/firebase init hosting:github
[debug] [2021-03-31T15:22:36.244Z] CLI Version:   9.8.0
[debug] [2021-03-31T15:22:36.244Z] Platform:      darwin
[debug] [2021-03-31T15:22:36.244Z] Node Version:  v15.8.0
[debug] [2021-03-31T15:22:36.245Z] Time:          Wed Mar 31 2021 08:22:36 GMT-0700 (Mountain Standard Time)
[debug] [2021-03-31T15:22:36.245Z] ----------------------------------------------------------------------
[debug] 
[debug] [2021-03-31T15:22:36.252Z] > command requires scopes: ["email","openid","https://www.googleapis.com/auth/cloudplatformprojects.readonly","https://www.googleapis.com/auth/firebase","https://www.googleapis.com/auth/cloud-platform"]
[debug] [2021-03-31T15:22:36.252Z] > authorizing via signed-in user
[info] 
     ######## #### ########  ######## ########     ###     ######  ########
     ##        ##  ##     ## ##       ##     ##  ##   ##  ##       ##
     ######    ##  ########  ######   ########  #########  ######  ######
     ##        ##  ##    ##  ##       ##     ## ##     ##       ## ##
     ##       #### ##     ## ######## ########  ##     ##  ######  ########

You're about to initialize a Firebase project in this directory:

  /Users/Lip/lipcoDev/project3/assignforce

Before we get started, keep in mind:

  * You are initializing in an existing Firebase project directory

[info] 
=== Project Setup
[info] 
[info] First, let's associate this project directory with a Firebase project.
[info] You can create multiple project aliases by running firebase use --add, 
[info] but for now we'll just set up a default project.
[info] 
[info] i  .firebaserc already has a default project, using ngassignforce. 
[debug] [2021-03-31T15:22:36.263Z] >>> [apiv2][query] GET https://firebase.googleapis.com/v1beta1/projects/ngassignforce [none]
[debug] [2021-03-31T15:22:36.451Z] <<< [apiv2][status] GET https://firebase.googleapis.com/v1beta1/projects/ngassignforce 200
[debug] [2021-03-31T15:22:36.452Z] <<< [apiv2][body] GET https://firebase.googleapis.com/v1beta1/projects/ngassignforce {"projectId":"ngassignforce","projectNumber":"1051498975936","displayName":"ngAssignForce","name":"projects/ngassignforce","resources":{"hostingSite":"ngassignforce"},"state":"ACTIVE"}
[info] 
=== Hosting:github Setup
[info] 
[info] i  Detected a .git folder at /Users/Lip/lipcoDev/project3/assignforce 
[info] i  Authorizing with GitHub to upload your service account to a GitHub repository's secrets store. 
[info] 
[info] Visit this URL on this device to log in:
[info] https://github.com/login/oauth/authorize?client_id=89cf50f02ac6aaed3484&state=958320334&redirect_uri=http%3A%2F%2Flocalhost%3A9005&scope=read%3Auser%20repo%20public_repo
[info] 
[info] Waiting for authentication...
[debug] [2021-03-31T15:22:37.383Z] >>> HTTP REQUEST POST https://github.com/login/oauth/access_token  
 {"client_id":"89cf50f02ac6aaed3484","client_secret":"3330d14abc895d9a74d5f17cd7a00711fa2c5bf0","code":"0764166e932b95f671c5","redirect_uri":"http://localhost:9005","state":"958320334"}
[debug] [2021-03-31T15:22:37.856Z] <<< HTTP RESPONSE 200 {"server":"GitHub.com","date":"Wed, 31 Mar 2021 15:22:37 GMT","content-type":"application/json; charset=utf-8","transfer-encoding":"chunked","vary":"X-PJAX, Accept-Encoding, Accept, X-Requested-With","etag":"W/\"ccb426a7ba502270638e6ec6b73d8aef\"","cache-control":"max-age=0, private, must-revalidate","strict-transport-security":"max-age=31536000; includeSubdomains; preload","x-frame-options":"deny","x-content-type-options":"nosniff","x-xss-protection":"0","referrer-policy":"origin-when-cross-origin, strict-origin-when-cross-origin","expect-ct":"max-age=2592000, report-uri=\"https://api.github.com/_private/browser/errors\"","content-security-policy":"default-src 'none'; base-uri 'self'; block-all-mixed-content; connect-src 'self' uploads.github.com www.githubstatus.com collector.githubapp.com api.github.com github-cloud.s3.amazonaws.com github-production-repository-file-5c1aeb.s3.amazonaws.com github-production-upload-manifest-file-7fdce7.s3.amazonaws.com github-production-user-asset-6210df.s3.amazonaws.com cdn.optimizely.com logx.optimizely.com/v1/events wss://alive.github.com; font-src github.githubassets.com; form-action 'self' github.com gist.github.com; frame-ancestors 'none'; frame-src render.githubusercontent.com; img-src 'self' data: github.githubassets.com identicons.github.com collector.githubapp.com github-cloud.s3.amazonaws.com secured-user-images.githubusercontent.com/ *.githubusercontent.com; manifest-src 'self'; media-src 'none'; script-src github.githubassets.com; style-src 'unsafe-inline' github.githubassets.com; worker-src github.com/socket-worker-3f088aa2.js gist.github.com/socket-worker-3f088aa2.js","x-github-request-id":"D871:371C:9C8EAD:11E60F5:606493BD"}
[debug] [2021-03-31T15:22:37.860Z] >>> [apiv2][query] GET https://api.github.com/user [none]
[debug] [2021-03-31T15:22:38.268Z] <<< [apiv2][status] GET https://api.github.com/user 200
[debug] [2021-03-31T15:22:38.269Z] <<< [apiv2][body] GET https://api.github.com/user {"login":"lipcowan","id":35284964,"node_id":"MDQ6VXNlcjM1Mjg0OTY0","avatar_url":"https://avatars.githubusercontent.com/u/35284964?v=4","gravatar_id":"","url":"https://api.github.com/users/lipcowan","html_url":"https://github.com/lipcowan","followers_url":"https://api.github.com/users/lipcowan/followers","following_url":"https://api.github.com/users/lipcowan/following{/other_user}","gists_url":"https://api.github.com/users/lipcowan/gists{/gist_id}","starred_url":"https://api.github.com/users/lipcowan/starred{/owner}{/repo}","subscriptions_url":"https://api.github.com/users/lipcowan/subscriptions","organizations_url":"https://api.github.com/users/lipcowan/orgs","repos_url":"https://api.github.com/users/lipcowan/repos","events_url":"https://api.github.com/users/lipcowan/events{/privacy}","received_events_url":"https://api.github.com/users/lipcowan/received_events","type":"User","site_admin":false,"name":"Phillip 'Lip' Cowan","company":"Thinkful","blog":"lipco.dev","location":"Phoenix, Arizona","email":"phillip@lipco.dev","hireable":true,"bio":"Full Stack Developer","twitter_username":"LipCo_Dev","public_repos":49,"public_gists":3,"followers":3,"following":16,"created_at":"2018-01-10T04:40:38Z","updated_at":"2021-03-31T14:57:42Z","private_gists":0,"total_private_repos":0,"owned_private_repos":0,"disk_usage":31183,"collaborators":0,"two_factor_authentication":true,"plan":{"name":"free","space":976562499,"collaborators":0,"private_repos":10000}}
[info] 
[info] ✔  Success! Logged into GitHub as lipcowan 
[info] 
[debug] [2021-03-31T15:22:40.834Z] >>> [apiv2][query] GET https://api.github.com/repos/Batch-944-Adam-Ranieri/af-client/actions/secrets/public-key type=owner
[debug] [2021-03-31T15:22:41.063Z] <<< [apiv2][status] GET https://api.github.com/repos/Batch-944-Adam-Ranieri/af-client/actions/secrets/public-key 403
[debug] [2021-03-31T15:22:41.064Z] <<< [apiv2][body] GET https://api.github.com/repos/Batch-944-Adam-Ranieri/af-client/actions/secrets/public-key {"message":"Must have admin rights to Repository.","documentation_url":"https://docs.github.com/rest/reference/actions#get-a-repository-public-key"}
